Array
(
    [patient_id] => 4
    [laboratory_type] => X-ray
    [status] => Not Yet Taken
    [result] => 
)
Array
(
    [patient_id] => 3
    [laboratory_type] => X-ray
    [status] => Not Yet Taken
    [result] => 
)
Array
(
    [patient_id] => 3
    [laboratory_type] => X-ray
    [status] => Not Yet Taken
    [result] => 
)
Array
(
    [patient_id] => 32
    [laboratory_type] => X-ray
    [status] => Not Yet Taken
    [result] => 
)
Array
(
    [patient_id] => 2
    [laboratory_type] => X-ray
    [status] => Not Yet Taken
    [result] => 
)
Array
(
    [patient_id] => 4
    [laboratory_type] => X-ray
    [status] => Not Yet Taken
    [result] => 
)
Array
(
    [patient_id] => 3
    [laboratory_type] => X-ray
    [status] => Not Yet Taken
    [result] => 
)
Array
(
    [patient_id] => 3
    [laboratory_type] => X-ray
    [status] => Not Yet Taken
    [result] => 
)
Array
(
    [patient_id] => 2
    [laboratory_type] => Ultrasound
    [status] => Not Yet Taken
    [result] => 
)
Array
(
    [patient_id] => 3
    [laboratory_type] => X-ray
    [status] => Completed
    [result] => geh

)
Array
(
    [patient_id] => 3
    [laboratory_type] => X-ray
    [status] => Not Yet Taken
    [result] => 
)
Array
(
    [patient_id] => 3
    [laboratory_type] => Ultrasound
    [status] => Completed
    [result] => goods
)
